<?xml version="1.0" encoding="UTF-8"?><testsuite name="Chrome_260141043_Windows.bounceTest" errors="0" failures="0" tests="1" time="0.004">
<testcase classname="Chrome_260141043_Windows.bounceTest" name="testImageLoaded" time="0.004"/>
</testsuite>
